1684965353701	geckodriver	INFO	Listening on 127.0.0.1:60329
1684965354036	mozrunner::runner	INFO	Running command: MOZ_CRASHREPORTER="1" MOZ_CRASHREPORTER_NO_REPORT="1" MOZ_CRASHREPORTER_SHUTDOWN="1" MOZ_NO_REMOTE="1" "/App ... s" "localhost" "-foreground" "-no-remote" "-profile" "/var/folders/6y/3rz_n4753bzfk942srk6qfsr0000gn/T/rust_mozprofileyyOKv9"
console.warn: services.settings: Ignoring preference override of remote settings server
console.warn: services.settings: Allow by setting MOZ_REMOTE_SETTINGS_DEVTOOLS=1 in the environment
1684965354534	Marionette	INFO	Marionette enabled
1684965354764	Marionette	INFO	Listening on port 60345
Read port: 60345
console.error: "Warning: unrecognized command line flag -remote-allow-hosts\n"
WebDriver BiDi listening on ws://127.0.0.1:60330
1684965354871	RemoteAgent	WARN	TLS certificate errors will be ignored for this session
console.warn: SearchSettings: "get: No settings file exists, new profile?" (new NotFoundError("Could not open the file at /var/folders/6y/3rz_n4753bzfk942srk6qfsr0000gn/T/rust_mozprofileyyOKv9/search.json.mozlz4", (void 0)))
[ERROR glean_core] Error setting metrics feature config: Json(Error("EOF while parsing a value", line: 1, column: 0))
DevTools listening on ws://127.0.0.1:60330/devtools/browser/33a99e2c-879a-4afb-b8a1-4cef092e9597
JavaScript warning: https://www.nba.com/V-kATIAPOApp/qfma3J-a1L/GQ/fOpaztJiwEEuYw/TisvAQ/OX5m/Y3U5Igc, line 1: unreachable code after return statement
JavaScript warning: https://www.nba.com/V-kATIAPOApp/qfma3J-a1L/GQ/fOpaztJiwEEuYw/TisvAQ/OX5m/Y3U5Igc, line 1: WEBGL_debug_renderer_info is deprecated in Firefox and will be removed. Please use RENDERER.
JavaScript warning: https://assets.adobedtm.com/82bf3c13a525/38d894c71c0b/launch-ff3828f362fb.min.js, line 3: WEBGL_debug_renderer_info is deprecated in Firefox and will be removed. Please use RENDERER.
JavaScript warning: https://pagead2.googlesyndication.com/bg/cHrP8GR4WD3-4SafWKd0oRFewpEF611yDaZvldToCrs.js line 2 > eval line 6314 > eval line 1 > eval line 1 > eval, line 1: WEBGL_debug_renderer_info is deprecated in Firefox and will be removed. Please use RENDERER.
console.warn: services.settings: Ignoring preference override of remote settings server
console.warn: services.settings: Allow by setting MOZ_REMOTE_SETTINGS_DEVTOOLS=1 in the environment
console.error: (new TypeError("lazy.AsyncShutdown.profileBeforeChange is undefined", "resource://services-settings/Database.sys.mjs", 599))
1684965506967	geckodriver	INFO	Listening on 127.0.0.1:60748
1684965507471	mozrunner::runner	INFO	Running command: MOZ_CRASHREPORTER="1" MOZ_CRASHREPORTER_NO_REPORT="1" MOZ_CRASHREPORTER_SHUTDOWN="1" MOZ_NO_REMOTE="1" "/App ... s" "localhost" "-foreground" "-no-remote" "-profile" "/var/folders/6y/3rz_n4753bzfk942srk6qfsr0000gn/T/rust_mozprofileL7BCTj"
console.warn: services.settings: Ignoring preference override of remote settings server
console.warn: services.settings: Allow by setting MOZ_REMOTE_SETTINGS_DEVTOOLS=1 in the environment
1684965507936	Marionette	INFO	Marionette enabled
1684965508153	Marionette	INFO	Listening on port 60758
console.error: "Warning: unrecognized command line flag -remote-allow-hosts\n"
Read port: 60758
WebDriver BiDi listening on ws://127.0.0.1:60749
1684965508248	RemoteAgent	WARN	TLS certificate errors will be ignored for this session
console.warn: SearchSettings: "get: No settings file exists, new profile?" (new NotFoundError("Could not open the file at /var/folders/6y/3rz_n4753bzfk942srk6qfsr0000gn/T/rust_mozprofileL7BCTj/search.json.mozlz4", (void 0)))
[ERROR glean_core] Error setting metrics feature config: Json(Error("EOF while parsing a value", line: 1, column: 0))
DevTools listening on ws://127.0.0.1:60749/devtools/browser/9a6c7af1-a063-426a-b2dc-439247fbcf78
JavaScript warning: https://www.nba.com/V-kATIAPOApp/qfma3J-a1L/GQ/fOpaztJiwEEuYw/TisvAQ/OX5m/Y3U5Igc, line 1: unreachable code after return statement
JavaScript warning: https://www.nba.com/V-kATIAPOApp/qfma3J-a1L/GQ/fOpaztJiwEEuYw/TisvAQ/OX5m/Y3U5Igc, line 1: WEBGL_debug_renderer_info is deprecated in Firefox and will be removed. Please use RENDERER.
JavaScript warning: https://assets.adobedtm.com/82bf3c13a525/38d894c71c0b/launch-ff3828f362fb.min.js, line 3: WEBGL_debug_renderer_info is deprecated in Firefox and will be removed. Please use RENDERER.
JavaScript warning: https://pagead2.googlesyndication.com/bg/cHrP8GR4WD3-4SafWKd0oRFewpEF611yDaZvldToCrs.js line 2 > eval line 3640 > eval line 1 > eval line 1 > eval, line 1: WEBGL_debug_renderer_info is deprecated in Firefox and will be removed. Please use RENDERER.
1684965527965	geckodriver	INFO	Listening on 127.0.0.1:61072
1684965528472	mozrunner::runner	INFO	Running command: MOZ_CRASHREPORTER="1" MOZ_CRASHREPORTER_NO_REPORT="1" MOZ_CRASHREPORTER_SHUTDOWN="1" MOZ_NO_REMOTE="1" "/App ... s" "localhost" "-foreground" "-no-remote" "-profile" "/var/folders/6y/3rz_n4753bzfk942srk6qfsr0000gn/T/rust_mozprofileRAEwe5"
console.warn: services.settings: Ignoring preference override of remote settings server
console.warn: services.settings: Allow by setting MOZ_REMOTE_SETTINGS_DEVTOOLS=1 in the environment
1684965528974	Marionette	INFO	Marionette enabled
1684965529201	Marionette	INFO	Listening on port 61082
console.error: "Warning: unrecognized command line flag -remote-allow-hosts\n"
WebDriver BiDi listening on ws://127.0.0.1:61073
Read port: 61082
1684965529483	RemoteAgent	WARN	TLS certificate errors will be ignored for this session
console.warn: SearchSettings: "get: No settings file exists, new profile?" (new NotFoundError("Could not open the file at /var/folders/6y/3rz_n4753bzfk942srk6qfsr0000gn/T/rust_mozprofileRAEwe5/search.json.mozlz4", (void 0)))
[ERROR glean_core] Error setting metrics feature config: Json(Error("EOF while parsing a value", line: 1, column: 0))
DevTools listening on ws://127.0.0.1:61073/devtools/browser/08a41dc2-4561-462f-9cd6-edf4f9414b2b
JavaScript warning: https://www.nba.com/V-kATIAPOApp/qfma3J-a1L/GQ/fOpaztJiwEEuYw/TisvAQ/OX5m/Y3U5Igc, line 1: unreachable code after return statement
JavaScript warning: https://assets.adobedtm.com/82bf3c13a525/38d894c71c0b/launch-ff3828f362fb.min.js, line 3: WEBGL_debug_renderer_info is deprecated in Firefox and will be removed. Please use RENDERER.
JavaScript warning: https://www.nba.com/V-kATIAPOApp/qfma3J-a1L/GQ/fOpaztJiwEEuYw/TisvAQ/OX5m/Y3U5Igc, line 1: WEBGL_debug_renderer_info is deprecated in Firefox and will be removed. Please use RENDERER.
JavaScript warning: https://pagead2.googlesyndication.com/bg/cHrP8GR4WD3-4SafWKd0oRFewpEF611yDaZvldToCrs.js line 2 > eval line 662 > eval line 1 > eval line 1 > eval, line 1: WEBGL_debug_renderer_info is deprecated in Firefox and will be removed. Please use RENDERER.
1684965546954	geckodriver	INFO	Listening on 127.0.0.1:61395
1684965547466	mozrunner::runner	INFO	Running command: MOZ_CRASHREPORTER="1" MOZ_CRASHREPORTER_NO_REPORT="1" MOZ_CRASHREPORTER_SHUTDOWN="1" MOZ_NO_REMOTE="1" "/App ... s" "localhost" "-foreground" "-no-remote" "-profile" "/var/folders/6y/3rz_n4753bzfk942srk6qfsr0000gn/T/rust_mozprofiledBKxdj"
console.warn: services.settings: Ignoring preference override of remote settings server
console.warn: services.settings: Allow by setting MOZ_REMOTE_SETTINGS_DEVTOOLS=1 in the environment
1684965548030	Marionette	INFO	Marionette enabled
1684965548148	Marionette	INFO	Listening on port 61404
console.error: "Warning: unrecognized command line flag -remote-allow-hosts\n"
Read port: 61404
WebDriver BiDi listening on ws://127.0.0.1:61396
1684965548265	RemoteAgent	WARN	TLS certificate errors will be ignored for this session
console.warn: SearchSettings: "get: No settings file exists, new profile?" (new NotFoundError("Could not open the file at /var/folders/6y/3rz_n4753bzfk942srk6qfsr0000gn/T/rust_mozprofiledBKxdj/search.json.mozlz4", (void 0)))
[ERROR glean_core] Error setting metrics feature config: Json(Error("EOF while parsing a value", line: 1, column: 0))
DevTools listening on ws://127.0.0.1:61396/devtools/browser/cc81953b-4ebe-40d3-ae93-2cace3b2c13d
JavaScript warning: https://www.nba.com/V-kATIAPOApp/qfma3J-a1L/GQ/fOpaztJiwEEuYw/TisvAQ/OX5m/Y3U5Igc, line 1: unreachable code after return statement
JavaScript warning: https://www.nba.com/V-kATIAPOApp/qfma3J-a1L/GQ/fOpaztJiwEEuYw/TisvAQ/OX5m/Y3U5Igc, line 1: WEBGL_debug_renderer_info is deprecated in Firefox and will be removed. Please use RENDERER.
JavaScript warning: https://assets.adobedtm.com/82bf3c13a525/38d894c71c0b/launch-ff3828f362fb.min.js, line 3: WEBGL_debug_renderer_info is deprecated in Firefox and will be removed. Please use RENDERER.
JavaScript warning: https://pagead2.googlesyndication.com/bg/cHrP8GR4WD3-4SafWKd0oRFewpEF611yDaZvldToCrs.js line 2 > eval line 5615 > eval line 1 > eval line 1 > eval, line 1: WEBGL_debug_renderer_info is deprecated in Firefox and will be removed. Please use RENDERER.
1684965627406	geckodriver	INFO	Listening on 127.0.0.1:61851
1684965627914	mozrunner::runner	INFO	Running command: MOZ_CRASHREPORTER="1" MOZ_CRASHREPORTER_NO_REPORT="1" MOZ_CRASHREPORTER_SHUTDOWN="1" MOZ_NO_REMOTE="1" "/App ... s" "localhost" "-foreground" "-no-remote" "-profile" "/var/folders/6y/3rz_n4753bzfk942srk6qfsr0000gn/T/rust_mozprofile1KUyJ8"
console.warn: services.settings: Ignoring preference override of remote settings server
console.warn: services.settings: Allow by setting MOZ_REMOTE_SETTINGS_DEVTOOLS=1 in the environment
1684965628416	Marionette	INFO	Marionette enabled
1684965628529	Marionette	INFO	Listening on port 61866
Read port: 61866
console.error: "Warning: unrecognized command line flag -remote-allow-hosts\n"
WebDriver BiDi listening on ws://127.0.0.1:61852
1684965628661	RemoteAgent	WARN	TLS certificate errors will be ignored for this session
console.warn: SearchSettings: "get: No settings file exists, new profile?" (new NotFoundError("Could not open the file at /var/folders/6y/3rz_n4753bzfk942srk6qfsr0000gn/T/rust_mozprofile1KUyJ8/search.json.mozlz4", (void 0)))
[ERROR glean_core] Error setting metrics feature config: Json(Error("EOF while parsing a value", line: 1, column: 0))
DevTools listening on ws://127.0.0.1:61852/devtools/browser/060f0ed7-6180-4003-add2-d4333a07ce11
JavaScript warning: https://www.nba.com/V-kATIAPOApp/qfma3J-a1L/GQ/fOpaztJiwEEuYw/TisvAQ/OX5m/Y3U5Igc, line 1: unreachable code after return statement
JavaScript warning: https://assets.adobedtm.com/82bf3c13a525/38d894c71c0b/launch-ff3828f362fb.min.js, line 3: WEBGL_debug_renderer_info is deprecated in Firefox and will be removed. Please use RENDERER.
JavaScript warning: https://www.nba.com/V-kATIAPOApp/qfma3J-a1L/GQ/fOpaztJiwEEuYw/TisvAQ/OX5m/Y3U5Igc, line 1: WEBGL_debug_renderer_info is deprecated in Firefox and will be removed. Please use RENDERER.
JavaScript warning: https://pagead2.googlesyndication.com/bg/cHrP8GR4WD3-4SafWKd0oRFewpEF611yDaZvldToCrs.js line 2 > eval line 4234 > eval line 1 > eval line 1 > eval, line 1: WEBGL_debug_renderer_info is deprecated in Firefox and will be removed. Please use RENDERER.
1684965690102	geckodriver	INFO	Listening on 127.0.0.1:62282
1684965690609	mozrunner::runner	INFO	Running command: MOZ_CRASHREPORTER="1" MOZ_CRASHREPORTER_NO_REPORT="1" MOZ_CRASHREPORTER_SHUTDOWN="1" MOZ_NO_REMOTE="1" "/App ... s" "localhost" "-foreground" "-no-remote" "-profile" "/var/folders/6y/3rz_n4753bzfk942srk6qfsr0000gn/T/rust_mozprofile5T7aps"
console.warn: services.settings: Ignoring preference override of remote settings server
console.warn: services.settings: Allow by setting MOZ_REMOTE_SETTINGS_DEVTOOLS=1 in the environment
1684965691084	Marionette	INFO	Marionette enabled
1684965691201	Marionette	INFO	Listening on port 62292
console.error: "Warning: unrecognized command line flag -remote-allow-hosts\n"
Read port: 62292
WebDriver BiDi listening on ws://127.0.0.1:62283
1684965691314	RemoteAgent	WARN	TLS certificate errors will be ignored for this session
console.warn: SearchSettings: "get: No settings file exists, new profile?" (new NotFoundError("Could not open the file at /var/folders/6y/3rz_n4753bzfk942srk6qfsr0000gn/T/rust_mozprofile5T7aps/search.json.mozlz4", (void 0)))
[ERROR glean_core] Error setting metrics feature config: Json(Error("EOF while parsing a value", line: 1, column: 0))
DevTools listening on ws://127.0.0.1:62283/devtools/browser/3d263bf5-2ea4-48ea-b950-844434e12594
JavaScript warning: https://www.nba.com/V-kATIAPOApp/qfma3J-a1L/GQ/fOpaztJiwEEuYw/TisvAQ/OX5m/Y3U5Igc, line 1: unreachable code after return statement
1684965694258	Marionette	WARN	Ignoring event 'pageshow' because document has an invalid readyState of 'uninitialized'.
JavaScript warning: https://assets.adobedtm.com/82bf3c13a525/38d894c71c0b/launch-ff3828f362fb.min.js, line 3: WEBGL_debug_renderer_info is deprecated in Firefox and will be removed. Please use RENDERER.
JavaScript warning: https://www.nba.com/V-kATIAPOApp/qfma3J-a1L/GQ/fOpaztJiwEEuYw/TisvAQ/OX5m/Y3U5Igc, line 1: WEBGL_debug_renderer_info is deprecated in Firefox and will be removed. Please use RENDERER.
JavaScript warning: https://pagead2.googlesyndication.com/bg/cHrP8GR4WD3-4SafWKd0oRFewpEF611yDaZvldToCrs.js line 2 > eval line 3911 > eval line 1 > eval line 1 > eval, line 1: WEBGL_debug_renderer_info is deprecated in Firefox and will be removed. Please use RENDERER.
1684965846508	geckodriver	INFO	Listening on 127.0.0.1:62769
1684965847032	mozrunner::runner	INFO	Running command: MOZ_CRASHREPORTER="1" MOZ_CRASHREPORTER_NO_REPORT="1" MOZ_CRASHREPORTER_SHUTDOWN="1" MOZ_NO_REMOTE="1" "/App ... s" "localhost" "-foreground" "-no-remote" "-profile" "/var/folders/6y/3rz_n4753bzfk942srk6qfsr0000gn/T/rust_mozprofileKeBQT4"
console.warn: services.settings: Ignoring preference override of remote settings server
console.warn: services.settings: Allow by setting MOZ_REMOTE_SETTINGS_DEVTOOLS=1 in the environment
1684965847484	Marionette	INFO	Marionette enabled
1684965847597	Marionette	INFO	Listening on port 62779
console.error: "Warning: unrecognized command line flag -remote-allow-hosts\n"
Read port: 62779
WebDriver BiDi listening on ws://127.0.0.1:62770
1684965847702	RemoteAgent	WARN	TLS certificate errors will be ignored for this session
console.warn: SearchSettings: "get: No settings file exists, new profile?" (new NotFoundError("Could not open the file at /var/folders/6y/3rz_n4753bzfk942srk6qfsr0000gn/T/rust_mozprofileKeBQT4/search.json.mozlz4", (void 0)))
[ERROR glean_core] Error setting metrics feature config: Json(Error("EOF while parsing a value", line: 1, column: 0))
DevTools listening on ws://127.0.0.1:62770/devtools/browser/1735dc4e-b71f-4214-b681-755cdbb835f8
JavaScript warning: https://www.nba.com/V-kATIAPOApp/qfma3J-a1L/GQ/fOpaztJiwEEuYw/TisvAQ/OX5m/Y3U5Igc, line 1: unreachable code after return statement
JavaScript warning: https://www.nba.com/V-kATIAPOApp/qfma3J-a1L/GQ/fOpaztJiwEEuYw/TisvAQ/OX5m/Y3U5Igc, line 1: WEBGL_debug_renderer_info is deprecated in Firefox and will be removed. Please use RENDERER.
JavaScript warning: https://assets.adobedtm.com/82bf3c13a525/38d894c71c0b/launch-ff3828f362fb.min.js, line 3: WEBGL_debug_renderer_info is deprecated in Firefox and will be removed. Please use RENDERER.
JavaScript warning: https://pagead2.googlesyndication.com/bg/cHrP8GR4WD3-4SafWKd0oRFewpEF611yDaZvldToCrs.js line 2 > eval line 6877 > eval line 1 > eval line 1 > eval, line 1: WEBGL_debug_renderer_info is deprecated in Firefox and will be removed. Please use RENDERER.
1684965869785	geckodriver	INFO	Listening on 127.0.0.1:63084
1684965870292	mozrunner::runner	INFO	Running command: MOZ_CRASHREPORTER="1" MOZ_CRASHREPORTER_NO_REPORT="1" MOZ_CRASHREPORTER_SHUTDOWN="1" MOZ_NO_REMOTE="1" "/App ... s" "localhost" "-foreground" "-no-remote" "-profile" "/var/folders/6y/3rz_n4753bzfk942srk6qfsr0000gn/T/rust_mozprofilecJqt9W"
console.warn: services.settings: Ignoring preference override of remote settings server
console.warn: services.settings: Allow by setting MOZ_REMOTE_SETTINGS_DEVTOOLS=1 in the environment
1684965870901	Marionette	INFO	Marionette enabled
1684965871015	Marionette	INFO	Listening on port 63092
console.error: "Warning: unrecognized command line flag -remote-allow-hosts\n"
Read port: 63092
WebDriver BiDi listening on ws://127.0.0.1:63085
1684965871160	RemoteAgent	WARN	TLS certificate errors will be ignored for this session
console.warn: SearchSettings: "get: No settings file exists, new profile?" (new NotFoundError("Could not open the file at /var/folders/6y/3rz_n4753bzfk942srk6qfsr0000gn/T/rust_mozprofilecJqt9W/search.json.mozlz4", (void 0)))
[ERROR glean_core] Error setting metrics feature config: Json(Error("EOF while parsing a value", line: 1, column: 0))
DevTools listening on ws://127.0.0.1:63085/devtools/browser/ffa043fa-7268-4143-9dab-4a908ecace83
JavaScript warning: https://www.nba.com/V-kATIAPOApp/qfma3J-a1L/GQ/fOpaztJiwEEuYw/TisvAQ/OX5m/Y3U5Igc, line 1: unreachable code after return statement
JavaScript warning: https://assets.adobedtm.com/82bf3c13a525/38d894c71c0b/launch-ff3828f362fb.min.js, line 3: WEBGL_debug_renderer_info is deprecated in Firefox and will be removed. Please use RENDERER.
JavaScript warning: https://www.nba.com/V-kATIAPOApp/qfma3J-a1L/GQ/fOpaztJiwEEuYw/TisvAQ/OX5m/Y3U5Igc, line 1: WEBGL_debug_renderer_info is deprecated in Firefox and will be removed. Please use RENDERER.
JavaScript warning: https://pagead2.googlesyndication.com/bg/cHrP8GR4WD3-4SafWKd0oRFewpEF611yDaZvldToCrs.js line 2 > eval line 6266 > eval line 1 > eval line 1 > eval, line 1: WEBGL_debug_renderer_info is deprecated in Firefox and will be removed. Please use RENDERER.
1684966133333	geckodriver	INFO	Listening on 127.0.0.1:63630
1684966133843	mozrunner::runner	INFO	Running command: MOZ_CRASHREPORTER="1" MOZ_CRASHREPORTER_NO_REPORT="1" MOZ_CRASHREPORTER_SHUTDOWN="1" MOZ_NO_REMOTE="1" "/App ... s" "localhost" "-foreground" "-no-remote" "-profile" "/var/folders/6y/3rz_n4753bzfk942srk6qfsr0000gn/T/rust_mozprofilew79BQE"
console.warn: services.settings: Ignoring preference override of remote settings server
console.warn: services.settings: Allow by setting MOZ_REMOTE_SETTINGS_DEVTOOLS=1 in the environment
1684966134311	Marionette	INFO	Marionette enabled
1684966134539	Marionette	INFO	Listening on port 63640
console.error: "Warning: unrecognized command line flag -remote-allow-hosts\n"
Read port: 63640
WebDriver BiDi listening on ws://127.0.0.1:63631
1684966134629	RemoteAgent	WARN	TLS certificate errors will be ignored for this session
console.warn: SearchSettings: "get: No settings file exists, new profile?" (new NotFoundError("Could not open the file at /var/folders/6y/3rz_n4753bzfk942srk6qfsr0000gn/T/rust_mozprofilew79BQE/search.json.mozlz4", (void 0)))
[ERROR glean_core] Error setting metrics feature config: Json(Error("EOF while parsing a value", line: 1, column: 0))
DevTools listening on ws://127.0.0.1:63631/devtools/browser/781195fa-03ab-47e9-b1f1-fcaaded28b91
JavaScript warning: https://www.nba.com/V-kATIAPOApp/qfma3J-a1L/GQ/fOpaztJiwEEuYw/TisvAQ/OX5m/Y3U5Igc, line 1: unreachable code after return statement
JavaScript warning: https://assets.adobedtm.com/82bf3c13a525/38d894c71c0b/launch-ff3828f362fb.min.js, line 3: WEBGL_debug_renderer_info is deprecated in Firefox and will be removed. Please use RENDERER.
JavaScript warning: https://www.nba.com/V-kATIAPOApp/qfma3J-a1L/GQ/fOpaztJiwEEuYw/TisvAQ/OX5m/Y3U5Igc, line 1: WEBGL_debug_renderer_info is deprecated in Firefox and will be removed. Please use RENDERER.
JavaScript warning: https://pagead2.googlesyndication.com/bg/cHrP8GR4WD3-4SafWKd0oRFewpEF611yDaZvldToCrs.js line 2 > eval line 3682 > eval line 1 > eval line 1 > eval, line 1: WEBGL_debug_renderer_info is deprecated in Firefox and will be removed. Please use RENDERER.
1684966250963	geckodriver	INFO	Listening on 127.0.0.1:64036
1684966251473	mozrunner::runner	INFO	Running command: MOZ_CRASHREPORTER="1" MOZ_CRASHREPORTER_NO_REPORT="1" MOZ_CRASHREPORTER_SHUTDOWN="1" MOZ_NO_REMOTE="1" "/App ... s" "localhost" "-foreground" "-no-remote" "-profile" "/var/folders/6y/3rz_n4753bzfk942srk6qfsr0000gn/T/rust_mozprofileehxgEp"
console.warn: services.settings: Ignoring preference override of remote settings server
console.warn: services.settings: Allow by setting MOZ_REMOTE_SETTINGS_DEVTOOLS=1 in the environment
1684966251930	Marionette	INFO	Marionette enabled
1684966252144	Marionette	INFO	Listening on port 64046
console.error: "Warning: unrecognized command line flag -remote-allow-hosts\n"
Read port: 64046
WebDriver BiDi listening on ws://127.0.0.1:64037
1684966252247	RemoteAgent	WARN	TLS certificate errors will be ignored for this session
console.warn: SearchSettings: "get: No settings file exists, new profile?" (new NotFoundError("Could not open the file at /var/folders/6y/3rz_n4753bzfk942srk6qfsr0000gn/T/rust_mozprofileehxgEp/search.json.mozlz4", (void 0)))
[ERROR glean_core] Error setting metrics feature config: Json(Error("EOF while parsing a value", line: 1, column: 0))
DevTools listening on ws://127.0.0.1:64037/devtools/browser/9fb66966-f142-43a6-bb5c-9bb2b0bfbf81
JavaScript warning: https://www.nba.com/V-kATIAPOApp/qfma3J-a1L/GQ/fOpaztJiwEEuYw/TisvAQ/OX5m/Y3U5Igc, line 1: unreachable code after return statement
JavaScript warning: https://assets.adobedtm.com/82bf3c13a525/38d894c71c0b/launch-ff3828f362fb.min.js, line 3: WEBGL_debug_renderer_info is deprecated in Firefox and will be removed. Please use RENDERER.
JavaScript warning: https://www.nba.com/V-kATIAPOApp/qfma3J-a1L/GQ/fOpaztJiwEEuYw/TisvAQ/OX5m/Y3U5Igc, line 1: WEBGL_debug_renderer_info is deprecated in Firefox and will be removed. Please use RENDERER.
JavaScript warning: https://pagead2.googlesyndication.com/bg/cHrP8GR4WD3-4SafWKd0oRFewpEF611yDaZvldToCrs.js line 2 > eval line 2766 > eval line 1 > eval line 1 > eval, line 1: WEBGL_debug_renderer_info is deprecated in Firefox and will be removed. Please use RENDERER.
1684966283730	geckodriver	INFO	Listening on 127.0.0.1:64386
1684966284238	mozrunner::runner	INFO	Running command: MOZ_CRASHREPORTER="1" MOZ_CRASHREPORTER_NO_REPORT="1" MOZ_CRASHREPORTER_SHUTDOWN="1" MOZ_NO_REMOTE="1" "/App ... s" "localhost" "-foreground" "-no-remote" "-profile" "/var/folders/6y/3rz_n4753bzfk942srk6qfsr0000gn/T/rust_mozprofilegGeovg"
console.warn: services.settings: Ignoring preference override of remote settings server
console.warn: services.settings: Allow by setting MOZ_REMOTE_SETTINGS_DEVTOOLS=1 in the environment
1684966284868	Marionette	INFO	Marionette enabled
1684966284992	Marionette	INFO	Listening on port 64395
console.error: "Warning: unrecognized command line flag -remote-allow-hosts\n"
Read port: 64395
WebDriver BiDi listening on ws://127.0.0.1:64387
1684966285384	RemoteAgent	WARN	TLS certificate errors will be ignored for this session
console.warn: SearchSettings: "get: No settings file exists, new profile?" (new NotFoundError("Could not open the file at /var/folders/6y/3rz_n4753bzfk942srk6qfsr0000gn/T/rust_mozprofilegGeovg/search.json.mozlz4", (void 0)))
[ERROR glean_core] Error setting metrics feature config: Json(Error("EOF while parsing a value", line: 1, column: 0))
DevTools listening on ws://127.0.0.1:64387/devtools/browser/4dacd556-e33e-48b3-9d60-133bc272d2ff
JavaScript warning: https://www.nba.com/V-kATIAPOApp/qfma3J-a1L/GQ/fOpaztJiwEEuYw/TisvAQ/OX5m/Y3U5Igc, line 1: unreachable code after return statement
JavaScript warning: https://assets.adobedtm.com/82bf3c13a525/38d894c71c0b/launch-ff3828f362fb.min.js, line 3: WEBGL_debug_renderer_info is deprecated in Firefox and will be removed. Please use RENDERER.
1684966288621	Marionette	WARN	Ignoring event 'pageshow' because document has an invalid readyState of 'uninitialized'.
JavaScript warning: https://www.nba.com/V-kATIAPOApp/qfma3J-a1L/GQ/fOpaztJiwEEuYw/TisvAQ/OX5m/Y3U5Igc, line 1: WEBGL_debug_renderer_info is deprecated in Firefox and will be removed. Please use RENDERER.
JavaScript warning: https://pagead2.googlesyndication.com/bg/cHrP8GR4WD3-4SafWKd0oRFewpEF611yDaZvldToCrs.js line 2 > eval line 1358 > eval line 1 > eval line 1 > eval, line 1: WEBGL_debug_renderer_info is deprecated in Firefox and will be removed. Please use RENDERER.
1684966370426	geckodriver	INFO	Listening on 127.0.0.1:64796
1684966370936	mozrunner::runner	INFO	Running command: MOZ_CRASHREPORTER="1" MOZ_CRASHREPORTER_NO_REPORT="1" MOZ_CRASHREPORTER_SHUTDOWN="1" MOZ_NO_REMOTE="1" "/App ... s" "localhost" "-foreground" "-no-remote" "-profile" "/var/folders/6y/3rz_n4753bzfk942srk6qfsr0000gn/T/rust_mozprofileiXIqC8"
console.warn: services.settings: Ignoring preference override of remote settings server
console.warn: services.settings: Allow by setting MOZ_REMOTE_SETTINGS_DEVTOOLS=1 in the environment
1684966371412	Marionette	INFO	Marionette enabled
1684966371515	Marionette	INFO	Listening on port 64807
console.error: "Warning: unrecognized command line flag -remote-allow-hosts\n"
Read port: 64807
WebDriver BiDi listening on ws://127.0.0.1:64797
1684966371614	RemoteAgent	WARN	TLS certificate errors will be ignored for this session
console.warn: SearchSettings: "get: No settings file exists, new profile?" (new NotFoundError("Could not open the file at /var/folders/6y/3rz_n4753bzfk942srk6qfsr0000gn/T/rust_mozprofileiXIqC8/search.json.mozlz4", (void 0)))
[ERROR glean_core] Error setting metrics feature config: Json(Error("EOF while parsing a value", line: 1, column: 0))
DevTools listening on ws://127.0.0.1:64797/devtools/browser/ff8b6452-1b6b-4d81-9244-569786af2964
JavaScript warning: https://www.nba.com/V-kATIAPOApp/qfma3J-a1L/GQ/fOpaztJiwEEuYw/TisvAQ/OX5m/Y3U5Igc, line 1: unreachable code after return statement
JavaScript warning: https://assets.adobedtm.com/82bf3c13a525/38d894c71c0b/launch-ff3828f362fb.min.js, line 3: WEBGL_debug_renderer_info is deprecated in Firefox and will be removed. Please use RENDERER.
JavaScript warning: https://www.nba.com/V-kATIAPOApp/qfma3J-a1L/GQ/fOpaztJiwEEuYw/TisvAQ/OX5m/Y3U5Igc, line 1: WEBGL_debug_renderer_info is deprecated in Firefox and will be removed. Please use RENDERER.
JavaScript warning: https://pagead2.googlesyndication.com/bg/cHrP8GR4WD3-4SafWKd0oRFewpEF611yDaZvldToCrs.js line 2 > eval line 5099 > eval line 1 > eval line 1 > eval, line 1: WEBGL_debug_renderer_info is deprecated in Firefox and will be removed. Please use RENDERER.
1684966421484	geckodriver	INFO	Listening on 127.0.0.1:65194
1684966421993	mozrunner::runner	INFO	Running command: MOZ_CRASHREPORTER="1" MOZ_CRASHREPORTER_NO_REPORT="1" MOZ_CRASHREPORTER_SHUTDOWN="1" MOZ_NO_REMOTE="1" "/App ... s" "localhost" "-foreground" "-no-remote" "-profile" "/var/folders/6y/3rz_n4753bzfk942srk6qfsr0000gn/T/rust_mozprofile9CuNAa"
console.warn: services.settings: Ignoring preference override of remote settings server
console.warn: services.settings: Allow by setting MOZ_REMOTE_SETTINGS_DEVTOOLS=1 in the environment
1684966422646	Marionette	INFO	Marionette enabled
1684966422787	Marionette	INFO	Listening on port 65204
console.error: "Warning: unrecognized command line flag -remote-allow-hosts\n"
Read port: 65204
WebDriver BiDi listening on ws://127.0.0.1:65195
1684966423203	RemoteAgent	WARN	TLS certificate errors will be ignored for this session
console.warn: SearchSettings: "get: No settings file exists, new profile?" (new NotFoundError("Could not open the file at /var/folders/6y/3rz_n4753bzfk942srk6qfsr0000gn/T/rust_mozprofile9CuNAa/search.json.mozlz4", (void 0)))
[ERROR glean_core] Error setting metrics feature config: Json(Error("EOF while parsing a value", line: 1, column: 0))
DevTools listening on ws://127.0.0.1:65195/devtools/browser/a5bb537f-4f69-4bac-bb2a-a303aa061a01
JavaScript warning: https://www.nba.com/V-kATIAPOApp/qfma3J-a1L/GQ/fOpaztJiwEEuYw/TisvAQ/OX5m/Y3U5Igc, line 1: unreachable code after return statement
JavaScript warning: https://assets.adobedtm.com/82bf3c13a525/38d894c71c0b/launch-ff3828f362fb.min.js, line 3: WEBGL_debug_renderer_info is deprecated in Firefox and will be removed. Please use RENDERER.
JavaScript warning: https://www.nba.com/V-kATIAPOApp/qfma3J-a1L/GQ/fOpaztJiwEEuYw/TisvAQ/OX5m/Y3U5Igc, line 1: WEBGL_debug_renderer_info is deprecated in Firefox and will be removed. Please use RENDERER.
JavaScript warning: https://pagead2.googlesyndication.com/bg/cHrP8GR4WD3-4SafWKd0oRFewpEF611yDaZvldToCrs.js line 2 > eval line 5778 > eval line 1 > eval line 1 > eval, line 1: WEBGL_debug_renderer_info is deprecated in Firefox and will be removed. Please use RENDERER.
1684966499981	geckodriver	INFO	Listening on 127.0.0.1:49217
1684966500462	mozrunner::runner	INFO	Running command: MOZ_CRASHREPORTER="1" MOZ_CRASHREPORTER_NO_REPORT="1" MOZ_CRASHREPORTER_SHUTDOWN="1" MOZ_NO_REMOTE="1" "/App ... s" "localhost" "-foreground" "-no-remote" "-profile" "/var/folders/6y/3rz_n4753bzfk942srk6qfsr0000gn/T/rust_mozprofile551Clb"
console.warn: services.settings: Ignoring preference override of remote settings server
console.warn: services.settings: Allow by setting MOZ_REMOTE_SETTINGS_DEVTOOLS=1 in the environment
1684966501276	Marionette	INFO	Marionette enabled
1684966502005	Marionette	INFO	Listening on port 49245
console.error: "Warning: unrecognized command line flag -remote-allow-hosts\n"
Read port: 49245
WebDriver BiDi listening on ws://127.0.0.1:49218
1684966502700	RemoteAgent	WARN	TLS certificate errors will be ignored for this session
console.warn: SearchSettings: "get: No settings file exists, new profile?" (new NotFoundError("Could not open the file at /var/folders/6y/3rz_n4753bzfk942srk6qfsr0000gn/T/rust_mozprofile551Clb/search.json.mozlz4", (void 0)))
[ERROR glean_core] Error setting metrics feature config: Json(Error("EOF while parsing a value", line: 1, column: 0))
DevTools listening on ws://127.0.0.1:49218/devtools/browser/63b18ec0-0841-432d-8f86-1b7a9a5d931d
JavaScript warning: https://www.nba.com/V-kATIAPOApp/qfma3J-a1L/GQ/fOpaztJiwEEuYw/TisvAQ/OX5m/Y3U5Igc, line 1: unreachable code after return statement
JavaScript warning: https://assets.adobedtm.com/82bf3c13a525/38d894c71c0b/launch-ff3828f362fb.min.js, line 3: WEBGL_debug_renderer_info is deprecated in Firefox and will be removed. Please use RENDERER.
JavaScript warning: https://www.nba.com/V-kATIAPOApp/qfma3J-a1L/GQ/fOpaztJiwEEuYw/TisvAQ/OX5m/Y3U5Igc, line 1: WEBGL_debug_renderer_info is deprecated in Firefox and will be removed. Please use RENDERER.
JavaScript warning: https://pagead2.googlesyndication.com/bg/cHrP8GR4WD3-4SafWKd0oRFewpEF611yDaZvldToCrs.js line 2 > eval line 6832 > eval line 1 > eval line 1 > eval, line 1: WEBGL_debug_renderer_info is deprecated in Firefox and will be removed. Please use RENDERER.
1684966517651	Marionette	INFO	Stopped listening on port 60345
1684966519450	Marionette	INFO	Stopped listening on port 60758
JavaScript error: , line 0: TypeError: NetworkError when attempting to fetch resource.
1684966521141	Marionette	INFO	Stopped listening on port 61082
JavaScript error: , line 0: TypeError: NetworkError when attempting to fetch resource.
1684966526595	Marionette	INFO	Stopped listening on port 61404
1684966528233	Marionette	INFO	Stopped listening on port 61866
1684966529757	Marionette	INFO	Stopped listening on port 62292
1684966530965	Marionette	INFO	Stopped listening on port 62779
1684966532333	Marionette	INFO	Stopped listening on port 63092
1684966533551	Marionette	INFO	Stopped listening on port 63640
JavaScript error: , line 0: TypeError: NetworkError when attempting to fetch resource.
1684966535511	Marionette	INFO	Stopped listening on port 64046
1684966537432	Marionette	INFO	Stopped listening on port 64395
1684966541019	Marionette	INFO	Stopped listening on port 64807
JavaScript error: , line 0: TypeError: NetworkError when attempting to fetch resource.
1684966542935	Marionette	INFO	Stopped listening on port 65204
JavaScript error: , line 0: TypeError: NetworkError when attempting to fetch resource.
1684966544824	Marionette	INFO	Stopped listening on port 49245
console.warn: TopSitesFeed: Failed to fetch data from Contile server: NetworkError when attempting to fetch resource.
WARNING: A blocker encountered an error while we were waiting.
          Blocker:  Waiting for ping task
          Phase: TelemetryController: Waiting for pending ping activity
          State: (none)
WARNING: Error: Phase "profile-before-change" is finished, it is too late to register completion condition "OS.File: flush I/O queued before profileBeforeChange"
WARNING: addBlocker@resource://gre/modules/AsyncShutdown.sys.mjs:727:15
addBlocker@resource://gre/modules/AsyncShutdown.sys.mjs:523:26
addBlocker@resource://gre/modules/AsyncShutdown.sys.mjs:458:15
setupShutdown@resource://gre/modules/osfile/osfile_async_front.jsm:1548:28
@resource://gre/modules/osfile/osfile_async_front.jsm:1568:16
@resource://gre/modules/osfile.jsm:12:30
@resource://gre/modules/TelemetryStorage.sys.mjs:10:28
_checkPendingPings@resource://gre/modules/TelemetrySend.sys.mjs:863:17
setup@resource://gre/modules/TelemetrySend.sys.mjs:803:18
setup@resource://gre/modules/TelemetrySend.sys.mjs:241:30
setupTelemetry/this._delayedInitTask<@resource://gre/modules/TelemetryControllerParent.sys.mjs:824:36
observe@resource://gre/modules/AsyncShutdown.sys.mjs:576:16

console.error: "TelemetryScheduler.shutdown - Already shut down"
WARNING: A blocker encountered an error while we were waiting.
          Blocker:  Waiting for ping task
          Phase: TelemetryController: Waiting for pending ping activity
          State: (none)
WARNING: Error: Phase "profile-before-change" is finished, it is too late to register completion condition "OS.File: flush I/O queued before profileBeforeChange"
WARNING: addBlocker@resource://gre/modules/AsyncShutdown.sys.mjs:727:15
addBlocker@resource://gre/modules/AsyncShutdown.sys.mjs:523:26
addBlocker@resource://gre/modules/AsyncShutdown.sys.mjs:458:15
setupShutdown@resource://gre/modules/osfile/osfile_async_front.jsm:1548:28
@resource://gre/modules/osfile/osfile_async_front.jsm:1568:16
@resource://gre/modules/osfile.jsm:12:30
@resource://gre/modules/TelemetryStorage.sys.mjs:10:28
_checkPendingPings@resource://gre/modules/TelemetrySend.sys.mjs:863:17
setup@resource://gre/modules/TelemetrySend.sys.mjs:803:18
setup@resource://gre/modules/TelemetrySend.sys.mjs:241:30
setupTelemetry/this._delayedInitTask<@resource://gre/modules/TelemetryControllerParent.sys.mjs:824:36
observe@resource://gre/modules/AsyncShutdown.sys.mjs:576:16

WARNING: A blocker encountered an error while we were waiting.
          Blocker:  Waiting for ping task
          Phase: TelemetryController: Waiting for pending ping activity
          State: (none)
WARNING: Error: Phase "profile-before-change" is finished, it is too late to register completion condition "OS.File: flush I/O queued before profileBeforeChange"
WARNING: addBlocker@resource://gre/modules/AsyncShutdown.sys.mjs:727:15
addBlocker@resource://gre/modules/AsyncShutdown.sys.mjs:523:26
addBlocker@resource://gre/modules/AsyncShutdown.sys.mjs:458:15
setupShutdown@resource://gre/modules/osfile/osfile_async_front.jsm:1548:28
@resource://gre/modules/osfile/osfile_async_front.jsm:1568:16
@resource://gre/modules/osfile.jsm:12:30
@resource://gre/modules/TelemetryStorage.sys.mjs:10:28
_checkPendingPings@resource://gre/modules/TelemetrySend.sys.mjs:863:17
setup@resource://gre/modules/TelemetrySend.sys.mjs:803:18
setup@resource://gre/modules/TelemetrySend.sys.mjs:241:30
setupTelemetry/this._delayedInitTask<@resource://gre/modules/TelemetryControllerParent.sys.mjs:824:36
observe@resource://gre/modules/AsyncShutdown.sys.mjs:576:16

WARNING: A blocker encountered an error while we were waiting.
          Blocker:  TelemetryController: shutting down
          Phase: profile-before-change-telemetry
          State: Error getting state: Error: Phase "profile-before-change" is finished, it is too late to register completion condition "OS.File: flush I/O queued before profileBeforeChange" at addBlocker@resource://gre/modules/AsyncShutdown.sys.mjs:727:15
addBlocker@resource://gre/modules/AsyncShutdown.sys.mjs:523:26
addBlocker@resource://gre/modules/AsyncShutdown.sys.mjs:458:15
setupShutdown@resource://gre/modules/osfile/osfile_async_front.jsm:1548:28
@resource://gre/modules/osfile/osfile_async_front.jsm:1568:16
@resource://gre/modules/osfile.jsm:12:30
@resource://gre/modules/TelemetryStorage.sys.mjs:10:28
_checkPendingPings@resource://gre/modules/TelemetrySend.sys.mjs:863:17
setup@resource://gre/modules/TelemetrySend.sys.mjs:803:18
setup@resource://gre/modules/TelemetrySend.sys.mjs:241:30
setupTelemetry/this._delayedInitTask<@resource://gre/modules/TelemetryControllerParent.sys.mjs:824:36
observe@resource://gre/modules/AsyncShutdown.sys.mjs:576:16

WARNING: Error: Phase "profile-before-change" is finished, it is too late to register completion condition "OS.File: flush I/O queued before profileBeforeChange"
WARNING: addBlocker@resource://gre/modules/AsyncShutdown.sys.mjs:727:15
addBlocker@resource://gre/modules/AsyncShutdown.sys.mjs:523:26
addBlocker@resource://gre/modules/AsyncShutdown.sys.mjs:458:15
setupShutdown@resource://gre/modules/osfile/osfile_async_front.jsm:1548:28
@resource://gre/modules/osfile/osfile_async_front.jsm:1568:16
@resource://gre/modules/osfile.jsm:12:30
@resource://gre/modules/TelemetryStorage.sys.mjs:10:28
_checkPendingPings@resource://gre/modules/TelemetrySend.sys.mjs:863:17
setup@resource://gre/modules/TelemetrySend.sys.mjs:803:18
setup@resource://gre/modules/TelemetrySend.sys.mjs:241:30
setupTelemetry/this._delayedInitTask<@resource://gre/modules/TelemetryControllerParent.sys.mjs:824:36
observe@resource://gre/modules/AsyncShutdown.sys.mjs:576:16

JavaScript error: resource://gre/modules/AsyncShutdown.sys.mjs, line 727: Error: Phase "profile-before-change" is finished, it is too late to register completion condition "OS.File: flush I/O queued before profileBeforeChange"
JavaScript error: resource://gre/modules/AsyncShutdown.sys.mjs, line 727: Error: Phase "profile-before-change" is finished, it is too late to register completion condition "OS.File: flush I/O queued before profileBeforeChange"
JavaScript error: resource://gre/modules/AsyncShutdown.sys.mjs, line 727: Error: Phase "profile-before-change" is finished, it is too late to register completion condition "OS.File: flush I/O queued before profileBeforeChange"
JavaScript error: resource://gre/modules/AsyncShutdown.sys.mjs, line 727: Error: Phase "profile-before-change" is finished, it is too late to register completion condition "OS.File: flush I/O queued before profileBeforeChange"
JavaScript error: resource://gre/modules/AsyncShutdown.sys.mjs, line 727: Error: Phase "profile-before-change" is finished, it is too late to register completion condition "OS.File: flush I/O queued before profileBeforeChange"
JavaScript error: resource://gre/modules/AsyncShutdown.sys.mjs, line 727: Error: Phase "profile-before-change" is finished, it is too late to register completion condition "OS.File: flush I/O queued before profileBeforeChange"
1684966555896	geckodriver	INFO	Listening on 127.0.0.1:49660
1684966556415	mozrunner::runner	INFO	Running command: MOZ_CRASHREPORTER="1" MOZ_CRASHREPORTER_NO_REPORT="1" MOZ_CRASHREPORTER_SHUTDOWN="1" MOZ_NO_REMOTE="1" "/App ... s" "localhost" "-foreground" "-no-remote" "-profile" "/var/folders/6y/3rz_n4753bzfk942srk6qfsr0000gn/T/rust_mozprofileXzAude"
console.warn: services.settings: Ignoring preference override of remote settings server
console.warn: services.settings: Allow by setting MOZ_REMOTE_SETTINGS_DEVTOOLS=1 in the environment
1684966556884	Marionette	INFO	Marionette enabled
1684966557102	Marionette	INFO	Listening on port 49668
console.error: "Warning: unrecognized command line flag -remote-allow-hosts\n"
Read port: 49668
WebDriver BiDi listening on ws://127.0.0.1:49661
1684966557200	RemoteAgent	WARN	TLS certificate errors will be ignored for this session
console.warn: SearchSettings: "get: No settings file exists, new profile?" (new NotFoundError("Could not open the file at /var/folders/6y/3rz_n4753bzfk942srk6qfsr0000gn/T/rust_mozprofileXzAude/search.json.mozlz4", (void 0)))
[ERROR glean_core] Error setting metrics feature config: Json(Error("EOF while parsing a value", line: 1, column: 0))
DevTools listening on ws://127.0.0.1:49661/devtools/browser/a8138093-9937-455c-b6d4-35a45bef7384
JavaScript warning: https://www.nba.com/V-kATIAPOApp/qfma3J-a1L/GQ/fOpaztJiwEEuYw/TisvAQ/OX5m/Y3U5Igc, line 1: unreachable code after return statement
JavaScript warning: https://assets.adobedtm.com/82bf3c13a525/38d894c71c0b/launch-ff3828f362fb.min.js, line 3: WEBGL_debug_renderer_info is deprecated in Firefox and will be removed. Please use RENDERER.
1684966559808	Marionette	WARN	Ignoring event 'pageshow' because document has an invalid readyState of 'uninitialized'.
JavaScript warning: https://www.nba.com/V-kATIAPOApp/qfma3J-a1L/GQ/fOpaztJiwEEuYw/TisvAQ/OX5m/Y3U5Igc, line 1: WEBGL_debug_renderer_info is deprecated in Firefox and will be removed. Please use RENDERER.
JavaScript warning: https://pagead2.googlesyndication.com/bg/cHrP8GR4WD3-4SafWKd0oRFewpEF611yDaZvldToCrs.js line 2 > eval line 6845 > eval line 1 > eval line 1 > eval, line 1: WEBGL_debug_renderer_info is deprecated in Firefox and will be removed. Please use RENDERER.
1684966594752	geckodriver	INFO	Listening on 127.0.0.1:49960
1684966594758	mozrunner::runner	INFO	Running command: MOZ_CRASHREPORTER="1" MOZ_CRASHREPORTER_NO_REPORT="1" MOZ_CRASHREPORTER_SHUTDOWN="1" MOZ_NO_REMOTE="1" "/App ... s" "localhost" "-foreground" "-no-remote" "-profile" "/var/folders/6y/3rz_n4753bzfk942srk6qfsr0000gn/T/rust_mozprofilePldmG4"
console.warn: services.settings: Ignoring preference override of remote settings server
console.warn: services.settings: Allow by setting MOZ_REMOTE_SETTINGS_DEVTOOLS=1 in the environment
1684966595224	Marionette	INFO	Marionette enabled
1684966595450	Marionette	INFO	Listening on port 49974
console.error: "Warning: unrecognized command line flag -remote-allow-hosts\n"
Read port: 49974
WebDriver BiDi listening on ws://127.0.0.1:49961
1684966595549	RemoteAgent	WARN	TLS certificate errors will be ignored for this session
console.warn: SearchSettings: "get: No settings file exists, new profile?" (new NotFoundError("Could not open the file at /var/folders/6y/3rz_n4753bzfk942srk6qfsr0000gn/T/rust_mozprofilePldmG4/search.json.mozlz4", (void 0)))
[ERROR glean_core] Error setting metrics feature config: Json(Error("EOF while parsing a value", line: 1, column: 0))
DevTools listening on ws://127.0.0.1:49961/devtools/browser/503b5d11-4460-4326-87a5-667487308897
JavaScript warning: https://www.nba.com/V-kATIAPOApp/qfma3J-a1L/GQ/fOpaztJiwEEuYw/TisvAQ/OX5m/Y3U5Igc, line 1: unreachable code after return statement
1684966598039	Marionette	WARN	Ignoring event 'pageshow' because document has an invalid readyState of 'uninitialized'.
JavaScript warning: https://assets.adobedtm.com/82bf3c13a525/38d894c71c0b/launch-ff3828f362fb.min.js, line 3: WEBGL_debug_renderer_info is deprecated in Firefox and will be removed. Please use RENDERER.
JavaScript warning: https://www.nba.com/V-kATIAPOApp/qfma3J-a1L/GQ/fOpaztJiwEEuYw/TisvAQ/OX5m/Y3U5Igc, line 1: WEBGL_debug_renderer_info is deprecated in Firefox and will be removed. Please use RENDERER.
JavaScript warning: https://pagead2.googlesyndication.com/bg/cHrP8GR4WD3-4SafWKd0oRFewpEF611yDaZvldToCrs.js line 2 > eval line 2819 > eval line 1 > eval line 1 > eval, line 1: WEBGL_debug_renderer_info is deprecated in Firefox and will be removed. Please use RENDERER.
1684966720340	geckodriver	INFO	Listening on 127.0.0.1:50368
1684966720346	mozrunner::runner	INFO	Running command: MOZ_CRASHREPORTER="1" MOZ_CRASHREPORTER_NO_REPORT="1" MOZ_CRASHREPORTER_SHUTDOWN="1" MOZ_NO_REMOTE="1" "/App ... s" "localhost" "-foreground" "-no-remote" "-profile" "/var/folders/6y/3rz_n4753bzfk942srk6qfsr0000gn/T/rust_mozprofileaRb1hi"
console.warn: services.settings: Ignoring preference override of remote settings server
console.warn: services.settings: Allow by setting MOZ_REMOTE_SETTINGS_DEVTOOLS=1 in the environment
1684966720791	Marionette	INFO	Marionette enabled
1684966721012	Marionette	INFO	Listening on port 50374
console.error: "Warning: unrecognized command line flag -remote-allow-hosts\n"
Read port: 50374
WebDriver BiDi listening on ws://127.0.0.1:50369
1684966721127	RemoteAgent	WARN	TLS certificate errors will be ignored for this session
console.warn: SearchSettings: "get: No settings file exists, new profile?" (new NotFoundError("Could not open the file at /var/folders/6y/3rz_n4753bzfk942srk6qfsr0000gn/T/rust_mozprofileaRb1hi/search.json.mozlz4", (void 0)))
[ERROR glean_core] Error setting metrics feature config: Json(Error("EOF while parsing a value", line: 1, column: 0))
DevTools listening on ws://127.0.0.1:50369/devtools/browser/4b5fbe22-2406-4645-a4eb-e8d05e57585c
JavaScript warning: https://www.nba.com/V-kATIAPOApp/qfma3J-a1L/GQ/fOpaztJiwEEuYw/TisvAQ/OX5m/Y3U5Igc, line 1: unreachable code after return statement
JavaScript warning: https://www.nba.com/V-kATIAPOApp/qfma3J-a1L/GQ/fOpaztJiwEEuYw/TisvAQ/OX5m/Y3U5Igc, line 1: WEBGL_debug_renderer_info is deprecated in Firefox and will be removed. Please use RENDERER.
JavaScript warning: https://assets.adobedtm.com/82bf3c13a525/38d894c71c0b/launch-ff3828f362fb.min.js, line 3: WEBGL_debug_renderer_info is deprecated in Firefox and will be removed. Please use RENDERER.
JavaScript warning: https://pagead2.googlesyndication.com/bg/cHrP8GR4WD3-4SafWKd0oRFewpEF611yDaZvldToCrs.js line 2 > eval line 1422 > eval line 1 > eval line 1 > eval, line 1: WEBGL_debug_renderer_info is deprecated in Firefox and will be removed. Please use RENDERER.
1684967029269	geckodriver	INFO	Listening on 127.0.0.1:50887
1684967029777	mozrunner::runner	INFO	Running command: MOZ_CRASHREPORTER="1" MOZ_CRASHREPORTER_NO_REPORT="1" MOZ_CRASHREPORTER_SHUTDOWN="1" MOZ_NO_REMOTE="1" "/App ... s" "localhost" "-foreground" "-no-remote" "-profile" "/var/folders/6y/3rz_n4753bzfk942srk6qfsr0000gn/T/rust_mozprofilecNL51r"
console.warn: services.settings: Ignoring preference override of remote settings server
console.warn: services.settings: Allow by setting MOZ_REMOTE_SETTINGS_DEVTOOLS=1 in the environment
1684967030275	Marionette	INFO	Marionette enabled
1684967030388	Marionette	INFO	Listening on port 50895
Read port: 50895
console.error: "Warning: unrecognized command line flag -remote-allow-hosts\n"
WebDriver BiDi listening on ws://127.0.0.1:50888
1684967030488	RemoteAgent	WARN	TLS certificate errors will be ignored for this session
console.warn: SearchSettings: "get: No settings file exists, new profile?" (new NotFoundError("Could not open the file at /var/folders/6y/3rz_n4753bzfk942srk6qfsr0000gn/T/rust_mozprofilecNL51r/search.json.mozlz4", (void 0)))
[ERROR glean_core] Error setting metrics feature config: Json(Error("EOF while parsing a value", line: 1, column: 0))
DevTools listening on ws://127.0.0.1:50888/devtools/browser/7ad5e83e-52e5-48d7-8e24-a38b77805891
JavaScript warning: https://www.nba.com/V-kATIAPOApp/qfma3J-a1L/GQ/fOpaztJiwEEuYw/TisvAQ/OX5m/Y3U5Igc, line 1: unreachable code after return statement
JavaScript warning: https://assets.adobedtm.com/82bf3c13a525/38d894c71c0b/launch-ff3828f362fb.min.js, line 3: WEBGL_debug_renderer_info is deprecated in Firefox and will be removed. Please use RENDERER.
JavaScript warning: https://www.nba.com/V-kATIAPOApp/qfma3J-a1L/GQ/fOpaztJiwEEuYw/TisvAQ/OX5m/Y3U5Igc, line 1: WEBGL_debug_renderer_info is deprecated in Firefox and will be removed. Please use RENDERER.
JavaScript warning: https://pagead2.googlesyndication.com/bg/cHrP8GR4WD3-4SafWKd0oRFewpEF611yDaZvldToCrs.js line 2 > eval line 6239 > eval line 1 > eval line 1 > eval, line 1: WEBGL_debug_renderer_info is deprecated in Firefox and will be removed. Please use RENDERER.
1684967067439	Marionette	INFO	Stopped listening on port 50895
WARNING: A blocker encountered an error while we were waiting.
          Blocker:  Waiting for ping task
          Phase: TelemetryController: Waiting for pending ping activity
          State: (none)
WARNING: Error: Phase "profile-before-change" is finished, it is too late to register completion condition "OS.File: flush I/O queued before profileBeforeChange"
WARNING: addBlocker@resource://gre/modules/AsyncShutdown.sys.mjs:727:15
addBlocker@resource://gre/modules/AsyncShutdown.sys.mjs:523:26
addBlocker@resource://gre/modules/AsyncShutdown.sys.mjs:458:15
setupShutdown@resource://gre/modules/osfile/osfile_async_front.jsm:1548:28
@resource://gre/modules/osfile/osfile_async_front.jsm:1568:16
@resource://gre/modules/osfile.jsm:12:30
@resource://gre/modules/TelemetryStorage.sys.mjs:10:28
_checkPendingPings@resource://gre/modules/TelemetrySend.sys.mjs:863:17
setup@resource://gre/modules/TelemetrySend.sys.mjs:803:18
setup@resource://gre/modules/TelemetrySend.sys.mjs:241:30
setupTelemetry/this._delayedInitTask<@resource://gre/modules/TelemetryControllerParent.sys.mjs:824:36
observe@resource://gre/modules/AsyncShutdown.sys.mjs:576:16

console.error: "TelemetryScheduler.shutdown - Already shut down"
WARNING: A blocker encountered an error while we were waiting.
          Blocker:  Waiting for ping task
          Phase: TelemetryController: Waiting for pending ping activity
          State: (none)
WARNING: Error: Phase "profile-before-change" is finished, it is too late to register completion condition "OS.File: flush I/O queued before profileBeforeChange"
WARNING: addBlocker@resource://gre/modules/AsyncShutdown.sys.mjs:727:15
addBlocker@resource://gre/modules/AsyncShutdown.sys.mjs:523:26
addBlocker@resource://gre/modules/AsyncShutdown.sys.mjs:458:15
setupShutdown@resource://gre/modules/osfile/osfile_async_front.jsm:1548:28
@resource://gre/modules/osfile/osfile_async_front.jsm:1568:16
@resource://gre/modules/osfile.jsm:12:30
@resource://gre/modules/TelemetryStorage.sys.mjs:10:28
_checkPendingPings@resource://gre/modules/TelemetrySend.sys.mjs:863:17
setup@resource://gre/modules/TelemetrySend.sys.mjs:803:18
setup@resource://gre/modules/TelemetrySend.sys.mjs:241:30
setupTelemetry/this._delayedInitTask<@resource://gre/modules/TelemetryControllerParent.sys.mjs:824:36
observe@resource://gre/modules/AsyncShutdown.sys.mjs:576:16

WARNING: A blocker encountered an error while we were waiting.
          Blocker:  Waiting for ping task
          Phase: TelemetryController: Waiting for pending ping activity
          State: (none)
WARNING: Error: Phase "profile-before-change" is finished, it is too late to register completion condition "OS.File: flush I/O queued before profileBeforeChange"
WARNING: addBlocker@resource://gre/modules/AsyncShutdown.sys.mjs:727:15
addBlocker@resource://gre/modules/AsyncShutdown.sys.mjs:523:26
addBlocker@resource://gre/modules/AsyncShutdown.sys.mjs:458:15
setupShutdown@resource://gre/modules/osfile/osfile_async_front.jsm:1548:28
@resource://gre/modules/osfile/osfile_async_front.jsm:1568:16
@resource://gre/modules/osfile.jsm:12:30
@resource://gre/modules/TelemetryStorage.sys.mjs:10:28
_checkPendingPings@resource://gre/modules/TelemetrySend.sys.mjs:863:17
setup@resource://gre/modules/TelemetrySend.sys.mjs:803:18
setup@resource://gre/modules/TelemetrySend.sys.mjs:241:30
setupTelemetry/this._delayedInitTask<@resource://gre/modules/TelemetryControllerParent.sys.mjs:824:36
observe@resource://gre/modules/AsyncShutdown.sys.mjs:576:16

WARNING: A blocker encountered an error while we were waiting.
          Blocker:  TelemetryController: shutting down
          Phase: profile-before-change-telemetry
          State: Error getting state: Error: Phase "profile-before-change" is finished, it is too late to register completion condition "OS.File: flush I/O queued before profileBeforeChange" at addBlocker@resource://gre/modules/AsyncShutdown.sys.mjs:727:15
addBlocker@resource://gre/modules/AsyncShutdown.sys.mjs:523:26
addBlocker@resource://gre/modules/AsyncShutdown.sys.mjs:458:15
setupShutdown@resource://gre/modules/osfile/osfile_async_front.jsm:1548:28
@resource://gre/modules/osfile/osfile_async_front.jsm:1568:16
@resource://gre/modules/osfile.jsm:12:30
@resource://gre/modules/TelemetryStorage.sys.mjs:10:28
_checkPendingPings@resource://gre/modules/TelemetrySend.sys.mjs:863:17
setup@resource://gre/modules/TelemetrySend.sys.mjs:803:18
setup@resource://gre/modules/TelemetrySend.sys.mjs:241:30
setupTelemetry/this._delayedInitTask<@resource://gre/modules/TelemetryControllerParent.sys.mjs:824:36
observe@resource://gre/modules/AsyncShutdown.sys.mjs:576:16

WARNING: Error: Phase "profile-before-change" is finished, it is too late to register completion condition "OS.File: flush I/O queued before profileBeforeChange"
WARNING: addBlocker@resource://gre/modules/AsyncShutdown.sys.mjs:727:15
addBlocker@resource://gre/modules/AsyncShutdown.sys.mjs:523:26
addBlocker@resource://gre/modules/AsyncShutdown.sys.mjs:458:15
setupShutdown@resource://gre/modules/osfile/osfile_async_front.jsm:1548:28
@resource://gre/modules/osfile/osfile_async_front.jsm:1568:16
@resource://gre/modules/osfile.jsm:12:30
@resource://gre/modules/TelemetryStorage.sys.mjs:10:28
_checkPendingPings@resource://gre/modules/TelemetrySend.sys.mjs:863:17
setup@resource://gre/modules/TelemetrySend.sys.mjs:803:18
setup@resource://gre/modules/TelemetrySend.sys.mjs:241:30
setupTelemetry/this._delayedInitTask<@resource://gre/modules/TelemetryControllerParent.sys.mjs:824:36
observe@resource://gre/modules/AsyncShutdown.sys.mjs:576:16

JavaScript error: resource://gre/modules/AsyncShutdown.sys.mjs, line 727: Error: Phase "profile-before-change" is finished, it is too late to register completion condition "OS.File: flush I/O queued before profileBeforeChange"
JavaScript error: resource://gre/modules/AsyncShutdown.sys.mjs, line 727: Error: Phase "profile-before-change" is finished, it is too late to register completion condition "OS.File: flush I/O queued before profileBeforeChange"
JavaScript error: resource://gre/modules/AsyncShutdown.sys.mjs, line 727: Error: Phase "profile-before-change" is finished, it is too late to register completion condition "OS.File: flush I/O queued before profileBeforeChange"
JavaScript error: resource://gre/modules/AsyncShutdown.sys.mjs, line 727: Error: Phase "profile-before-change" is finished, it is too late to register completion condition "OS.File: flush I/O queued before profileBeforeChange"
JavaScript error: resource://gre/modules/AsyncShutdown.sys.mjs, line 727: Error: Phase "profile-before-change" is finished, it is too late to register completion condition "OS.File: flush I/O queued before profileBeforeChange"
JavaScript error: resource://gre/modules/AsyncShutdown.sys.mjs, line 727: Error: Phase "profile-before-change" is finished, it is too late to register completion condition "OS.File: flush I/O queued before profileBeforeChange"
1684967069055	Marionette	INFO	Stopped listening on port 50374
1684967071053	Marionette	INFO	Stopped listening on port 49974
JavaScript error: , line 0: TypeError: NetworkError when attempting to fetch resource.
1684969136996	Marionette	INFO	Stopped listening on port 49668
JavaScript error: , line 0: TypeError: NetworkError when attempting to fetch resource.
1703026785661	geckodriver	INFO	Listening on 127.0.0.1:58074
1703026786095	mozrunner::runner	INFO	Running command: MOZ_CRASHREPORTER="1" MOZ_CRASHREPORTER_NO_REPORT="1" MOZ_CRASHREPORTER_SHUTDOWN="1" MOZ_NO_REMOTE="1" "/App ... s" "localhost" "-foreground" "-no-remote" "-profile" "/var/folders/6y/3rz_n4753bzfk942srk6qfsr0000gn/T/rust_mozprofileDN5L1K"
console.warn: services.settings: Ignoring preference override of remote settings server
console.warn: services.settings: Allow by setting MOZ_REMOTE_SETTINGS_DEVTOOLS=1 in the environment
2023-12-19 17:59:46.720 firefox-bin[39652:1528988] WARNING: Secure coding is not enabled for restorable state! Enable secure coding by implementing NSApplicationDelegate.applicationSupportsSecureRestorableState: and returning YES.
1703026787034	Marionette	INFO	Marionette enabled
console.error: "Warning: unrecognized command line flag" "-remote-allow-hosts"
1703026787536	Marionette	INFO	Listening on port 58084
Read port: 58084
WebDriver BiDi listening on ws://127.0.0.1:58075
1703026787653	RemoteAgent	WARN	TLS certificate errors will be ignored for this session
DevTools listening on ws://127.0.0.1:58075/devtools/browser/fde2c2c0-f025-4765-be4c-e7521d8c1528
JavaScript warning: https://www.nba.com/ots5t-sWEE/yg/bJZ_Yzre/m9fOz05JODVY/NQA3dQAD/CA/QzAlVHDBIB, line 1: unreachable code after return statement
JavaScript warning: https://www.nba.com/_next/static/chunks/main-878323283d90b24a.js, line 1: unreachable code after return statement
JavaScript warning: https://assets.adobedtm.com/82bf3c13a525/38d894c71c0b/launch-ff3828f362fb.min.js, line 9: WEBGL_debug_renderer_info is deprecated in Firefox and will be removed. Please use RENDERER.
1703026792245	Marionette	WARN	Ignoring event 'pageshow' because document has an invalid readyState of 'uninitialized'.
JavaScript warning: https://www.nba.com/ots5t-sWEE/yg/bJZ_Yzre/m9fOz05JODVY/NQA3dQAD/CA/QzAlVHDBIB, line 1: WEBGL_debug_renderer_info is deprecated in Firefox and will be removed. Please use RENDERER.
JavaScript warning: https://www.nba.com/ots5t-sWEE/yg/bJZ_Yzre/m9fOz05JODVY/NQA3dQAD/CA/QzAlVHDBIB, line 1: WEBGL_debug_renderer_info is deprecated in Firefox and will be removed. Please use RENDERER.
JavaScript warning: https://www.nba.com/ots5t-sWEE/yg/bJZ_Yzre/m9fOz05JODVY/NQA3dQAD/CA/QzAlVHDBIB, line 1: WEBGL_debug_renderer_info is deprecated in Firefox and will be removed. Please use RENDERER.
JavaScript warning: https://z.moatads.com/yahoodisplay873773666324/moatad.js#moatClientLevel1=Yahoo!&moatClientLevel2=662944&moatClientLevel3=3004469&moatClientLevel4=6832220&moatClientSlicer1=4&moatClientSlicer2=0&zMoatAuctionID=8030495003149984453:1703026796260&zMoatAdReqDomain=nba.com, line 331: WEBGL_debug_renderer_info is deprecated in Firefox and will be removed. Please use RENDERER.
JavaScript warning: https://pagead2.googlesyndication.com/bg/Dtt_-LR3WxpzwV0Gscftq1A_D1owstvxoTnWWhwY4Ow.js line 2 > eval line 4187 > eval line 1 > eval line 1 > eval, line 1: WEBGL_debug_renderer_info is deprecated in Firefox and will be removed. Please use RENDERER.
1703026817372	addons.xpi	ERROR	System addon update list error SyntaxError: XMLHttpRequest.open: 'http://%(server)s/dummy-system-addons.xml' is not a valid URL.
console.error: services.settings: 
  main/search-config-v2 Signature failed  InvalidSignatureError: Invalid content signature (main/search-config-v2) using 'remote-settings.content-signature.mozilla.org-2024-01-19-16-42-21.chain'
console.error: services.settings: 
  main/search-config-v2 local data was corrupted
console.warn: services.settings: main/search-config-v2 Signature verified failed. Retry from scratch
NetworkHelper.parseSecurityInfo threw an exception: Security state 0 has no known STATE_IS_* flags.
console.error: "Security state 0 has no known STATE_IS_* flags."
console.warn: "Listener for event 'frame' did not return a promise."
console.warn: "Listener for event 'frame' did not return a promise."
console.warn: "Listener for event 'frame' did not return a promise."
console.warn: "Listener for event 'frame' did not return a promise."
console.warn: "Listener for event 'frame' did not return a promise."
console.warn: "Listener for event 'frame' did not return a promise."
SourceActor threw an exception: [Exception... "Failed to open input source 'chrome://global/content/neterror/aboutNetErrorCodes.js'"  nsresult: "0x805303f4 (<unknown>)"  location: "JS frame :: resource://devtools/shared/DevToolsUtils.js :: mainThreadFetch/< :: line 703"  data: yes]
Stack: mainThreadFetch/<@resource://devtools/shared/DevToolsUtils.js:703:15
mainThreadFetch@resource://devtools/shared/DevToolsUtils.js:556:10
_fetchURLContents@resource://devtools/server/actors/utils/sources-manager.js:452:22
urlContents@resource://devtools/server/actors/utils/sources-manager.js:416:17
_resurrectSource@resource://devtools/server/actors/thread.js:2167:33
addAllSources@resource://devtools/server/actors/thread.js:1492:14
watch@resource://devtools/server/actors/resources/sources.js:78:17
watchResources@resource://devtools/server/actors/resources/index.js:322:19
addSessionDataEntry@resource://devtools/server/actors/targets/session-data-processors/resources.js:11:21
addSessionDataEntry@resource://devtools/server/actors/targets/base-target-actor.js:41:23
_addSessionDataEntry@resource://devtools/server/connectors/js-window-actor/DevToolsFrameChild.sys.mjs:527:24
receiveMessage@resource://devtools/server/connectors/js-window-actor/DevToolsFrameChild.sys.mjs:436:21
Line: 703, column: 0
console.error: ({})
JavaScript error: resource://devtools/shared/DevToolsUtils.js, line 703: Failed to open input source 'chrome://global/content/neterror/aboutNetErrorCodes.js'
JavaScript error: resource://devtools/server/actors/utils/sources-manager.js, line 438: TypeError: channel is null
JavaScript error: resource://devtools/server/actors/utils/sources-manager.js, line 438: TypeError: channel is null
console.warn: "Listener for event 'frame' did not return a promise."
console.error: "Error when attaching target:" (new Error("Connection closed, pending request to server0.conn0.windowGlobal60129542145/thread1, type isAttached failed\n\nRequest stack:\nrequest@resource://devtools/shared/protocol/Front.js:300:14\ngenerateRequestMethods/</frontProto[name]@resource://devtools/shared/protocol/Front/FrontClassWithSpec.js:47:19\nattachThread@resource://devtools/client/fronts/targets/target-mixin.js:447:49\n", "resource://devtools/shared/protocol/Front.js", 106))
console.warn: "Listener for event 'frame' did not return a promise."
console.warn: "Listener for event 'frame' did not return a promise."
console.warn: "Listener for event 'frame' did not return a promise."
console.warn: "Listener for event 'frame' did not return a promise."
console.error: "Error when attaching target:" (new Error("Connection closed, pending request to server0.conn0.windowGlobal64424509441/thread1, type isAttached failed\n\nRequest stack:\nrequest@resource://devtools/shared/protocol/Front.js:300:14\ngenerateRequestMethods/</frontProto[name]@resource://devtools/shared/protocol/Front/FrontClassWithSpec.js:47:19\nattachThread@resource://devtools/client/fronts/targets/target-mixin.js:447:49\n", "resource://devtools/shared/protocol/Front.js", 106))
console.warn: "Listener for event 'frame' did not return a promise."
console.warn: "Listener for event 'frame' did not return a promise."
console.warn: "Listener for event 'frame' did not return a promise."
console.warn: "Listener for event 'frame' did not return a promise."
console.warn: "Listener for event 'frame' did not return a promise."
console.error: "Error when attaching target:" (new Error("Connection closed, pending request to server0.conn0.windowGlobal21474836521/thread1, type isAttached failed\n\nRequest stack:\nrequest@resource://devtools/shared/protocol/Front.js:300:14\ngenerateRequestMethods/</frontProto[name]@resource://devtools/shared/protocol/Front/FrontClassWithSpec.js:47:19\nattachThread@resource://devtools/client/fronts/targets/target-mixin.js:447:49\n", "resource://devtools/shared/protocol/Front.js", 106))
console.warn: "Listener for event 'frame' did not return a promise."
console.error: "Error when attaching target:" (new Error("Connection closed, pending request to server0.conn0.windowGlobal21474836522/thread1, type isAttached failed\n\nRequest stack:\nrequest@resource://devtools/shared/protocol/Front.js:300:14\ngenerateRequestMethods/</frontProto[name]@resource://devtools/shared/protocol/Front/FrontClassWithSpec.js:47:19\nattachThread@resource://devtools/client/fronts/targets/target-mixin.js:447:49\n", "resource://devtools/shared/protocol/Front.js", 106))
console.warn: "Listener for event 'frame' did not return a promise."
NetworkHelper.parseSecurityInfo threw an exception: Security state 0 has no known STATE_IS_* flags.
console.error: "Security state 0 has no known STATE_IS_* flags."
JavaScript error: resource:///modules/sessionstore/SessionStore.sys.mjs, line 3782: TypeError: this._windows[aWindow.__SSi] is undefined
console.error: (new TypeError("watcher.browserElement.browsingContext is null", "resource://devtools/server/actors/watcher/target-helpers/frame-helper.js", 193))
NetworkHelper.parseSecurityInfo threw an exception: Security state 0 has no known STATE_IS_* flags.
console.error: "Security state 0 has no known STATE_IS_* flags."
Handler function threw an exception: TypeError: browsingContext.currentWindowGlobal is null
Stack: isChannelFromSystemPrincipal@resource://devtools/shared/network-observer/NetworkUtils.sys.mjs:89:1
_createResource@resource://devtools/server/actors/network-monitor/network-event-actor.js:186:40
NetworkEventActor@resource://devtools/server/actors/network-monitor/network-event-actor.js:104:27
onNetworkEvent@resource://devtools/server/actors/resources/network-events.js:284:19
#createNetworkEvent@resource://devtools/shared/network-observer/NetworkObserver.sys.mjs:684:46
#onRequestHeader@resource://devtools/shared/network-observer/NetworkObserver.sys.mjs:728:29
@resource://devtools/shared/network-observer/NetworkObserver.sys.mjs:604:28
makeInfallible/<@resource://devtools/shared/DevToolsInfaillibleUtils.sys.mjs:43:22
Line: 89, column: 1
console.error: (new TypeError("browsingContext.currentWindowGlobal is null", "resource://devtools/shared/network-observer/NetworkUtils.sys.mjs", 89))
JavaScript warning: https://cdn.js7k.com/rq/iv/inside-20.js, line 1: WEBGL_debug_renderer_info is deprecated in Firefox and will be removed. Please use RENDERER.
Handler function threw an exception: TypeError: browsingContext.currentWindowGlobal is null
Stack: isChannelFromSystemPrincipal@resource://devtools/shared/network-observer/NetworkUtils.sys.mjs:89:1
_createResource@resource://devtools/server/actors/network-monitor/network-event-actor.js:186:40
NetworkEventActor@resource://devtools/server/actors/network-monitor/network-event-actor.js:104:27
onNetworkEvent@resource://devtools/server/actors/resources/network-events.js:284:19
#createNetworkEvent@resource://devtools/shared/network-observer/NetworkObserver.sys.mjs:684:46
@resource://devtools/shared/network-observer/NetworkObserver.sys.mjs:337:33
makeInfallible/<@resource://devtools/shared/DevToolsInfaillibleUtils.sys.mjs:43:22
Line: 89, column: 1
console.error: (new TypeError("browsingContext.currentWindowGlobal is null", "resource://devtools/shared/network-observer/NetworkUtils.sys.mjs", 89))
JavaScript error: , line 0: TypeError: NetworkError when attempting to fetch resource.
Handler function threw an exception: TypeError: browsingContext.currentWindowGlobal is null
Stack: isChannelFromSystemPrincipal@resource://devtools/shared/network-observer/NetworkUtils.sys.mjs:89:1
_createResource@resource://devtools/server/actors/network-monitor/network-event-actor.js:186:40
NetworkEventActor@resource://devtools/server/actors/network-monitor/network-event-actor.js:104:27
onNetworkEvent@resource://devtools/server/actors/resources/network-events.js:284:19
#createNetworkEvent@resource://devtools/shared/network-observer/NetworkObserver.sys.mjs:684:46
@resource://devtools/shared/network-observer/NetworkObserver.sys.mjs:342:33
makeInfallible/<@resource://devtools/shared/DevToolsInfaillibleUtils.sys.mjs:43:22
Line: 89, column: 1
console.error: (new TypeError("browsingContext.currentWindowGlobal is null", "resource://devtools/shared/network-observer/NetworkUtils.sys.mjs", 89))
Handler function threw an exception: TypeError: browsingContext.currentWindowGlobal is null
Stack: isChannelFromSystemPrincipal@resource://devtools/shared/network-observer/NetworkUtils.sys.mjs:89:1
_createResource@resource://devtools/server/actors/network-monitor/network-event-actor.js:186:40
NetworkEventActor@resource://devtools/server/actors/network-monitor/network-event-actor.js:104:27
onNetworkEvent@resource://devtools/server/actors/resources/network-events.js:284:19
#createNetworkEvent@resource://devtools/shared/network-observer/NetworkObserver.sys.mjs:684:46
@resource://devtools/shared/network-observer/NetworkObserver.sys.mjs:342:33
makeInfallible/<@resource://devtools/shared/DevToolsInfaillibleUtils.sys.mjs:43:22
Line: 89, column: 1
console.error: (new TypeError("browsingContext.currentWindowGlobal is null", "resource://devtools/shared/network-observer/NetworkUtils.sys.mjs", 89))
Handler function threw an exception: TypeError: browsingContext.currentWindowGlobal is null
Stack: isChannelFromSystemPrincipal@resource://devtools/shared/network-observer/NetworkUtils.sys.mjs:89:1
_createResource@resource://devtools/server/actors/network-monitor/network-event-actor.js:186:40
NetworkEventActor@resource://devtools/server/actors/network-monitor/network-event-actor.js:104:27
onNetworkEvent@resource://devtools/server/actors/resources/network-events.js:284:19
#createNetworkEvent@resource://devtools/shared/network-observer/NetworkObserver.sys.mjs:684:46
@resource://devtools/shared/network-observer/NetworkObserver.sys.mjs:342:33
makeInfallible/<@resource://devtools/shared/DevToolsInfaillibleUtils.sys.mjs:43:22
Line: 89, column: 1
console.error: (new TypeError("browsingContext.currentWindowGlobal is null", "resource://devtools/shared/network-observer/NetworkUtils.sys.mjs", 89))
Handler function threw an exception: TypeError: browsingContext.currentWindowGlobal is null
Stack: isChannelFromSystemPrincipal@resource://devtools/shared/network-observer/NetworkUtils.sys.mjs:89:1
_createResource@resource://devtools/server/actors/network-monitor/network-event-actor.js:186:40
NetworkEventActor@resource://devtools/server/actors/network-monitor/network-event-actor.js:104:27
onNetworkEvent@resource://devtools/server/actors/resources/network-events.js:284:19
#createNetworkEvent@resource://devtools/shared/network-observer/NetworkObserver.sys.mjs:684:46
#onRequestHeader@resource://devtools/shared/network-observer/NetworkObserver.sys.mjs:728:29
@resource://devtools/shared/network-observer/NetworkObserver.sys.mjs:604:28
makeInfallible/<@resource://devtools/shared/DevToolsInfaillibleUtils.sys.mjs:43:22
Line: 89, column: 1
console.error: (new TypeError("browsingContext.currentWindowGlobal is null", "resource://devtools/shared/network-observer/NetworkUtils.sys.mjs", 89))
Handler function threw an exception: TypeError: browsingContext.currentWindowGlobal is null
Stack: isChannelFromSystemPrincipal@resource://devtools/shared/network-observer/NetworkUtils.sys.mjs:89:1
_createResource@resource://devtools/server/actors/network-monitor/network-event-actor.js:186:40
NetworkEventActor@resource://devtools/server/actors/network-monitor/network-event-actor.js:104:27
onNetworkEvent@resource://devtools/server/actors/resources/network-events.js:284:19
#createNetworkEvent@resource://devtools/shared/network-observer/NetworkObserver.sys.mjs:684:46
@resource://devtools/shared/network-observer/NetworkObserver.sys.mjs:337:33
makeInfallible/<@resource://devtools/shared/DevToolsInfaillibleUtils.sys.mjs:43:22
Line: 89, column: 1
console.error: (new TypeError("browsingContext.currentWindowGlobal is null", "resource://devtools/shared/network-observer/NetworkUtils.sys.mjs", 89))
Handler function threw an exception: TypeError: browsingContext.currentWindowGlobal is null
Stack: isChannelFromSystemPrincipal@resource://devtools/shared/network-observer/NetworkUtils.sys.mjs:89:1
_createResource@resource://devtools/server/actors/network-monitor/network-event-actor.js:186:40
NetworkEventActor@resource://devtools/server/actors/network-monitor/network-event-actor.js:104:27
onNetworkEvent@resource://devtools/server/actors/resources/network-events.js:284:19
#createNetworkEvent@resource://devtools/shared/network-observer/NetworkObserver.sys.mjs:684:46
@resource://devtools/shared/network-observer/NetworkObserver.sys.mjs:342:33
makeInfallible/<@resource://devtools/shared/DevToolsInfaillibleUtils.sys.mjs:43:22
Line: 89, column: 1
console.error: (new TypeError("browsingContext.currentWindowGlobal is null", "resource://devtools/shared/network-observer/NetworkUtils.sys.mjs", 89))
Handler function threw an exception: TypeError: browsingContext.currentWindowGlobal is null
Stack: isChannelFromSystemPrincipal@resource://devtools/shared/network-observer/NetworkUtils.sys.mjs:89:1
_createResource@resource://devtools/server/actors/network-monitor/network-event-actor.js:186:40
NetworkEventActor@resource://devtools/server/actors/network-monitor/network-event-actor.js:104:27
onNetworkEvent@resource://devtools/server/actors/resources/network-events.js:284:19
#createNetworkEvent@resource://devtools/shared/network-observer/NetworkObserver.sys.mjs:684:46
#onRequestHeader@resource://devtools/shared/network-observer/NetworkObserver.sys.mjs:728:29
@resource://devtools/shared/network-observer/NetworkObserver.sys.mjs:604:28
makeInfallible/<@resource://devtools/shared/DevToolsInfaillibleUtils.sys.mjs:43:22
Line: 89, column: 1
console.error: (new TypeError("browsingContext.currentWindowGlobal is null", "resource://devtools/shared/network-observer/NetworkUtils.sys.mjs", 89))
Handler function threw an exception: TypeError: browsingContext.currentWindowGlobal is null
Stack: isChannelFromSystemPrincipal@resource://devtools/shared/network-observer/NetworkUtils.sys.mjs:89:1
_createResource@resource://devtools/server/actors/network-monitor/network-event-actor.js:186:40
NetworkEventActor@resource://devtools/server/actors/network-monitor/network-event-actor.js:104:27
onNetworkEvent@resource://devtools/server/actors/resources/network-events.js:284:19
#createNetworkEvent@resource://devtools/shared/network-observer/NetworkObserver.sys.mjs:684:46
#onRequestHeader@resource://devtools/shared/network-observer/NetworkObserver.sys.mjs:728:29
@resource://devtools/shared/network-observer/NetworkObserver.sys.mjs:604:28
makeInfallible/<@resource://devtools/shared/DevToolsInfaillibleUtils.sys.mjs:43:22
Line: 89, column: 1
console.error: (new TypeError("browsingContext.currentWindowGlobal is null", "resource://devtools/shared/network-observer/NetworkUtils.sys.mjs", 89))
Handler function threw an exception: TypeError: browsingContext.currentWindowGlobal is null
Stack: isChannelFromSystemPrincipal@resource://devtools/shared/network-observer/NetworkUtils.sys.mjs:89:1
_createResource@resource://devtools/server/actors/network-monitor/network-event-actor.js:186:40
NetworkEventActor@resource://devtools/server/actors/network-monitor/network-event-actor.js:104:27
onNetworkEvent@resource://devtools/server/actors/resources/network-events.js:284:19
#createNetworkEvent@resource://devtools/shared/network-observer/NetworkObserver.sys.mjs:684:46
#onRequestHeader@resource://devtools/shared/network-observer/NetworkObserver.sys.mjs:728:29
@resource://devtools/shared/network-observer/NetworkObserver.sys.mjs:604:28
makeInfallible/<@resource://devtools/shared/DevToolsInfaillibleUtils.sys.mjs:43:22
Line: 89, column: 1
console.error: (new TypeError("browsingContext.currentWindowGlobal is null", "resource://devtools/shared/network-observer/NetworkUtils.sys.mjs", 89))
Handler function threw an exception: TypeError: httpActivity.owner is null
Stack: #sendRequestBody@resource://devtools/shared/network-observer/NetworkObserver.sys.mjs:1358:7
#dispatchActivity@resource://devtools/shared/network-observer/NetworkObserver.sys.mjs:518:30
@resource://devtools/shared/network-observer/NetworkObserver.sys.mjs:634:29
makeInfallible/<@resource://devtools/shared/DevToolsInfaillibleUtils.sys.mjs:43:22
Line: 1358, column: 7
console.error: (new TypeError("httpActivity.owner is null", "resource://devtools/shared/network-observer/NetworkObserver.sys.mjs", 1358))
Handler function threw an exception: TypeError: httpActivity.owner is null
Stack: #sendRequestBody@resource://devtools/shared/network-observer/NetworkObserver.sys.mjs:1358:7
#dispatchActivity@resource://devtools/shared/network-observer/NetworkObserver.sys.mjs:518:30
@resource://devtools/shared/network-observer/NetworkObserver.sys.mjs:634:29
makeInfallible/<@resource://devtools/shared/DevToolsInfaillibleUtils.sys.mjs:43:22
Line: 1358, column: 7
console.error: (new TypeError("httpActivity.owner is null", "resource://devtools/shared/network-observer/NetworkObserver.sys.mjs", 1358))
Handler function threw an exception: TypeError: browsingContext.currentWindowGlobal is null
Stack: isChannelFromSystemPrincipal@resource://devtools/shared/network-observer/NetworkUtils.sys.mjs:89:1
_createResource@resource://devtools/server/actors/network-monitor/network-event-actor.js:186:40
NetworkEventActor@resource://devtools/server/actors/network-monitor/network-event-actor.js:104:27
onNetworkEvent@resource://devtools/server/actors/resources/network-events.js:284:19
#createNetworkEvent@resource://devtools/shared/network-observer/NetworkObserver.sys.mjs:684:46
@resource://devtools/shared/network-observer/NetworkObserver.sys.mjs:337:33
makeInfallible/<@resource://devtools/shared/DevToolsInfaillibleUtils.sys.mjs:43:22
Line: 89, column: 1
console.error: (new TypeError("browsingContext.currentWindowGlobal is null", "resource://devtools/shared/network-observer/NetworkUtils.sys.mjs", 89))
Handler function threw an exception: TypeError: browsingContext.currentWindowGlobal is null
Stack: isChannelFromSystemPrincipal@resource://devtools/shared/network-observer/NetworkUtils.sys.mjs:89:1
_createResource@resource://devtools/server/actors/network-monitor/network-event-actor.js:186:40
NetworkEventActor@resource://devtools/server/actors/network-monitor/network-event-actor.js:104:27
onNetworkEvent@resource://devtools/server/actors/resources/network-events.js:284:19
#createNetworkEvent@resource://devtools/shared/network-observer/NetworkObserver.sys.mjs:684:46
@resource://devtools/shared/network-observer/NetworkObserver.sys.mjs:337:33
makeInfallible/<@resource://devtools/shared/DevToolsInfaillibleUtils.sys.mjs:43:22
Line: 89, column: 1
console.error: (new TypeError("browsingContext.currentWindowGlobal is null", "resource://devtools/shared/network-observer/NetworkUtils.sys.mjs", 89))
Handler function threw an exception: TypeError: httpActivity.owner is null
Stack: #sendRequestBody@resource://devtools/shared/network-observer/NetworkObserver.sys.mjs:1358:7
#dispatchActivity@resource://devtools/shared/network-observer/NetworkObserver.sys.mjs:518:30
@resource://devtools/shared/network-observer/NetworkObserver.sys.mjs:634:29
makeInfallible/<@resource://devtools/shared/DevToolsInfaillibleUtils.sys.mjs:43:22
Line: 1358, column: 7
console.error: (new TypeError("httpActivity.owner is null", "resource://devtools/shared/network-observer/NetworkObserver.sys.mjs", 1358))
Handler function threw an exception: TypeError: browsingContext.currentWindowGlobal is null
Stack: isChannelFromSystemPrincipal@resource://devtools/shared/network-observer/NetworkUtils.sys.mjs:89:1
_createResource@resource://devtools/server/actors/network-monitor/network-event-actor.js:186:40
NetworkEventActor@resource://devtools/server/actors/network-monitor/network-event-actor.js:104:27
onNetworkEvent@resource://devtools/server/actors/resources/network-events.js:284:19
#createNetworkEvent@resource://devtools/shared/network-observer/NetworkObserver.sys.mjs:684:46
#onRequestHeader@resource://devtools/shared/network-observer/NetworkObserver.sys.mjs:728:29
@resource://devtools/shared/network-observer/NetworkObserver.sys.mjs:604:28
makeInfallible/<@resource://devtools/shared/DevToolsInfaillibleUtils.sys.mjs:43:22
Line: 89, column: 1
console.error: (new TypeError("browsingContext.currentWindowGlobal is null", "resource://devtools/shared/network-observer/NetworkUtils.sys.mjs", 89))
Handler function threw an exception: TypeError: browsingContext.currentWindowGlobal is null
Stack: isChannelFromSystemPrincipal@resource://devtools/shared/network-observer/NetworkUtils.sys.mjs:89:1
_createResource@resource://devtools/server/actors/network-monitor/network-event-actor.js:186:40
NetworkEventActor@resource://devtools/server/actors/network-monitor/network-event-actor.js:104:27
onNetworkEvent@resource://devtools/server/actors/resources/network-events.js:284:19
#createNetworkEvent@resource://devtools/shared/network-observer/NetworkObserver.sys.mjs:684:46
#onRequestHeader@resource://devtools/shared/network-observer/NetworkObserver.sys.mjs:728:29
@resource://devtools/shared/network-observer/NetworkObserver.sys.mjs:604:28
makeInfallible/<@resource://devtools/shared/DevToolsInfaillibleUtils.sys.mjs:43:22
Line: 89, column: 1
console.error: (new TypeError("browsingContext.currentWindowGlobal is null", "resource://devtools/shared/network-observer/NetworkUtils.sys.mjs", 89))
Handler function threw an exception: TypeError: browsingContext.currentWindowGlobal is null
Stack: isChannelFromSystemPrincipal@resource://devtools/shared/network-observer/NetworkUtils.sys.mjs:89:1
_createResource@resource://devtools/server/actors/network-monitor/network-event-actor.js:186:40
NetworkEventActor@resource://devtools/server/actors/network-monitor/network-event-actor.js:104:27
onNetworkEvent@resource://devtools/server/actors/resources/network-events.js:284:19
#createNetworkEvent@resource://devtools/shared/network-observer/NetworkObserver.sys.mjs:684:46
#onRequestHeader@resource://devtools/shared/network-observer/NetworkObserver.sys.mjs:728:29
@resource://devtools/shared/network-observer/NetworkObserver.sys.mjs:604:28
makeInfallible/<@resource://devtools/shared/DevToolsInfaillibleUtils.sys.mjs:43:22
Line: 89, column: 1
console.error: (new TypeError("browsingContext.currentWindowGlobal is null", "resource://devtools/shared/network-observer/NetworkUtils.sys.mjs", 89))
Handler function threw an exception: TypeError: browsingContext.currentWindowGlobal is null
Stack: isChannelFromSystemPrincipal@resource://devtools/shared/network-observer/NetworkUtils.sys.mjs:89:1
_createResource@resource://devtools/server/actors/network-monitor/network-event-actor.js:186:40
NetworkEventActor@resource://devtools/server/actors/network-monitor/network-event-actor.js:104:27
onNetworkEvent@resource://devtools/server/actors/resources/network-events.js:284:19
#createNetworkEvent@resource://devtools/shared/network-observer/NetworkObserver.sys.mjs:684:46
@resource://devtools/shared/network-observer/NetworkObserver.sys.mjs:342:33
makeInfallible/<@resource://devtools/shared/DevToolsInfaillibleUtils.sys.mjs:43:22
Line: 89, column: 1
console.error: (new TypeError("browsingContext.currentWindowGlobal is null", "resource://devtools/shared/network-observer/NetworkUtils.sys.mjs", 89))
Handler function threw an exception: TypeError: browsingContext.currentWindowGlobal is null
Stack: isChannelFromSystemPrincipal@resource://devtools/shared/network-observer/NetworkUtils.sys.mjs:89:1
_createResource@resource://devtools/server/actors/network-monitor/network-event-actor.js:186:40
NetworkEventActor@resource://devtools/server/actors/network-monitor/network-event-actor.js:104:27
onNetworkEvent@resource://devtools/server/actors/resources/network-events.js:284:19
#createNetworkEvent@resource://devtools/shared/network-observer/NetworkObserver.sys.mjs:684:46
@resource://devtools/shared/network-observer/NetworkObserver.sys.mjs:337:33
makeInfallible/<@resource://devtools/shared/DevToolsInfaillibleUtils.sys.mjs:43:22
Line: 89, column: 1
console.error: (new TypeError("browsingContext.currentWindowGlobal is null", "resource://devtools/shared/network-observer/NetworkUtils.sys.mjs", 89))
Handler function threw an exception: TypeError: browsingContext.currentWindowGlobal is null
Stack: isChannelFromSystemPrincipal@resource://devtools/shared/network-observer/NetworkUtils.sys.mjs:89:1
_createResource@resource://devtools/server/actors/network-monitor/network-event-actor.js:186:40
NetworkEventActor@resource://devtools/server/actors/network-monitor/network-event-actor.js:104:27
onNetworkEvent@resource://devtools/server/actors/resources/network-events.js:284:19
#createNetworkEvent@resource://devtools/shared/network-observer/NetworkObserver.sys.mjs:684:46
@resource://devtools/shared/network-observer/NetworkObserver.sys.mjs:342:33
makeInfallible/<@resource://devtools/shared/DevToolsInfaillibleUtils.sys.mjs:43:22
Line: 89, column: 1
console.error: (new TypeError("browsingContext.currentWindowGlobal is null", "resource://devtools/shared/network-observer/NetworkUtils.sys.mjs", 89))
Handler function threw an exception: TypeError: browsingContext.currentWindowGlobal is null
Stack: isChannelFromSystemPrincipal@resource://devtools/shared/network-observer/NetworkUtils.sys.mjs:89:1
_createResource@resource://devtools/server/actors/network-monitor/network-event-actor.js:186:40
NetworkEventActor@resource://devtools/server/actors/network-monitor/network-event-actor.js:104:27
onNetworkEvent@resource://devtools/server/actors/resources/network-events.js:284:19
#createNetworkEvent@resource://devtools/shared/network-observer/NetworkObserver.sys.mjs:684:46
@resource://devtools/shared/network-observer/NetworkObserver.sys.mjs:337:33
makeInfallible/<@resource://devtools/shared/DevToolsInfaillibleUtils.sys.mjs:43:22
Line: 89, column: 1
console.error: (new TypeError("browsingContext.currentWindowGlobal is null", "resource://devtools/shared/network-observer/NetworkUtils.sys.mjs", 89))
JavaScript warning: https://infinera.wd1.myworkdayjobs.com/en-US/Infinera_Careers/login?redirect=%2Fen-US%2FInfinera_Careers%2Fjob%2FTexas-Field%2FData-Analytics-Intern_2023714%2Fapply line 9 > injectedScript, line 66: Script terminated by timeout at:
n3/<@https://infinera.wd1.myworkdayjobs.com/en-US/Infinera_Careers/login?redirect=%2Fen-US%2FInfinera_Careers%2Fjob%2FTexas-Field%2FData-Analytics-Intern_2023714%2Fapply line 9 > injectedScript:66:36

1703106571715	Marionette	INFO	Stopped listening on port 58084
